	Thread ID 13260	0	 (i)  Log subsystem started in elapsed time mode.
	Thread ID 13260	0	 (i)  Logging [debug info (D), info (i), notices (M), warnings (W), errors (Er), fatal errors (!!)]
	Thread ID 13260	0	 (i)  Buffered mode: False
	Thread ID 13260	0	 (M)  Service thread started
	Thread ID 13260	235	 (i)  Temporary rendering context created
	Thread ID 13260	235	 (M)  Getting OpenGL entry points and extension
	Thread ID 13260	235	 (M)  
	Thread ID 13260	235	 (i)  OpenGL rendering context information:
	Thread ID 13260	235	 (i)  Renderer     : GeForce GTX 750 Ti/PCIe/SSE2
	Thread ID 13260	235	 (i)  Vendor       : NVIDIA Corporation
	Thread ID 13260	235	 (i)  Version      : 4.5.0 NVIDIA 361.75
	Thread ID 13260	235	 (i)  GLSL version : 4.50 NVIDIA
	Thread ID 13260	235	 (M)  
	Thread ID 13260	250	 (M)  Getting OpenGL entry points and extension
	Thread ID 13260	281	 (i)  Backward compatible core PBuffer context successfully created
	Thread ID 13260	281	 (M)  Service context successfuly initialized
	Thread ID 3460	30281	 (i)  Service context queue task depleted
	Thread ID 13260	159297	 (M)  Service thread finished
	Thread ID 3460	159297	 (D)  Service thread destroyed
	Thread ID 3460	159297	 (i)  Logged fatal_errors: 0, errors: 0, warnings: 0, notices: 7, info: 11, debug: 1
	Thread ID 3460	159297	 (i)  Log session shutdown
